<?xml version="1.0" encoding="UTF-8"?>
<testng-results ignored="0" total="1" passed="1" failed="0" skipped="0">
  <reporter-output>
  </reporter-output>
  <suite started-at="2025-08-05T15:24:46 IST" name="Default suite" finished-at="2025-08-05T15:24:57 IST" duration-ms="10521">
    <groups>
    </groups>
    <test started-at="2025-08-05T15:24:46 IST" name="Default test" finished-at="2025-08-05T15:24:57 IST" duration-ms="10521">
      <class name="testCases.TC001_DemoFromTest">
        <test-method is-config="true" signature="setup()[pri:0, instance:testCases.TC001_DemoFromTest@34e9fd99]" started-at="2025-08-05T15:24:46 IST" name="setup" finished-at="2025-08-05T15:24:52 IST" duration-ms="6001" status="PASS">
          <reporter-output>
          </reporter-output>
        </test-method> <!-- setup -->
        <test-method signature="verify_demo_form()[pri:0, instance:testCases.TC001_DemoFromTest@34e9fd99]" started-at="2025-08-05T15:24:52 IST" name="verify_demo_form" finished-at="2025-08-05T15:24:57 IST" duration-ms="4073" status="PASS">
          <reporter-output>
          </reporter-output>
        </test-method> <!-- verify_demo_form -->
        <test-method is-config="true" signature="tearDown()[pri:0, instance:testCases.TC001_DemoFromTest@34e9fd99]" started-at="2025-08-05T15:24:57 IST" name="tearDown" finished-at="2025-08-05T15:24:57 IST" duration-ms="366" status="PASS">
          <reporter-output>
          </reporter-output>
        </test-method> <!-- tearDown -->
      </class> <!-- testCases.TC001_DemoFromTest -->
    </test> <!-- Default test -->
  </suite> <!-- Default suite -->
</testng-results>
